# JRE version: OpenJDK Runtime Environment (8.0_152-b01) (build 1.8.0_152-release-1248-b01)
# Java VM: OpenJDK 64-Bit Server VM (25.152-b01 mixed mode windows-amd64 compressed oops)
Heap:
 PSYoungGen      total 408576K, used 251695K [0x00000000e0000000, 0x00000000fc480000, 0x0000000100000000)
  eden space 363008K, 67% used [0x00000000e0000000,0x00000000ef076d80,0x00000000f6280000)
  from space 45568K, 11% used [0x00000000f9800000,0x00000000f9d54f10,0x00000000fc480000)
  to   space 50176K, 0% used [0x00000000f6280000,0x00000000f6280000,0x00000000f9380000)
 ParOldGen       total 236032K, used 63864K [0x00000000a0000000, 0x00000000ae680000, 0x00000000e0000000)
  object space 236032K, 27% used [0x00000000a0000000,0x00000000a3e5e090,0x00000000ae680000)
 Metaspace       used 96239K, capacity 99874K, committed 99992K, reserved 1136640K
  class space    used 12120K, capacity 12932K, committed 12952K, reserved 1048576K
GC Heap History (10 events):
Event: 350.153 GC heap before
{Heap before GC invocations=28 (full 4):
 PSYoungGen      total 273408K, used 245216K [0x00000000e0000000, 0x00000000f7000000, 0x0000000100000000)
  eden space 224768K, 100% used [0x00000000e0000000,0x00000000edb80000,0x00000000edb80000)
  from space 48640K, 42% used [0x00000000edb80000,0x00000000eef782d8,0x00000000f0b00000)
  to   space 46592K, 0% used [0x00000000f4280000,0x00000000f4280000,0x00000000f7000000)
 ParOldGen       total 236032K, used 57660K [0x00000000a0000000, 0x00000000ae680000, 0x00000000e0000000)
  object space 236032K, 24% used [0x00000000a0000000,0x00000000a384f288,0x00000000ae680000)
 Metaspace       used 93592K, capacity 96936K, committed 97176K, reserved 1134592K
  class space    used 11922K, capacity 12667K, committed 12696K, reserved 1048576K
Event: 350.230 GC heap after
Heap after GC invocations=28 (full 4):
 PSYoungGen      total 324096K, used 42902K [0x00000000e0000000, 0x00000000f7c00000, 0x0000000100000000)
  eden space 277504K, 0% used [0x00000000e0000000,0x00000000e0000000,0x00000000f0f00000)
  from space 46592K, 92% used [0x00000000f4280000,0x00000000f6c659f0,0x00000000f7000000)
  to   space 52736K, 0% used [0x00000000f0f00000,0x00000000f0f00000,0x00000000f4280000)
 ParOldGen       total 236032K, used 58485K [0x00000000a0000000, 0x00000000ae680000, 0x00000000e0000000)
  object space 236032K, 24% used [0x00000000a0000000,0x00000000a391d7d8,0x00000000ae680000)
 Metaspace       used 93592K, capacity 96936K, committed 97176K, reserved 1134592K
  class space    used 11922K, capacity 12667K, committed 12696K, reserved 1048576K
}
Event: 760.591 GC heap before
{Heap before GC invocations=29 (full 4):
 PSYoungGen      total 324096K, used 320406K [0x00000000e0000000, 0x00000000f7c00000, 0x0000000100000000)
  eden space 277504K, 100% used [0x00000000e0000000,0x00000000f0f00000,0x00000000f0f00000)
  from space 46592K, 92% used [0x00000000f4280000,0x00000000f6c659f0,0x00000000f7000000)
  to   space 52736K, 0% used [0x00000000f0f00000,0x00000000f0f00000,0x00000000f4280000)
 ParOldGen       total 236032K, used 58485K [0x00000000a0000000, 0x00000000ae680000, 0x00000000e0000000)
  object space 236032K, 24% used [0x00000000a0000000,0x00000000a391d7d8,0x00000000ae680000)
 Metaspace       used 94343K, capacity 97850K, committed 98072K, reserved 1134592K
  class space    used 11970K, capacity 12748K, committed 12824K, reserved 1048576K
Event: 760.613 GC heap after
Heap after GC invocations=29 (full 4):
 PSYoungGen      total 330240K, used 18716K [0x00000000e0000000, 0x00000000f9f80000, 0x0000000100000000)
  eden space 277504K, 0% used [0x00000000e0000000,0x00000000e0000000,0x00000000f0f00000)
  from space 52736K, 35% used [0x00000000f0f00000,0x00000000f2147258,0x00000000f4280000)
  to   space 49664K, 0% used [0x00000000f6f00000,0x00000000f6f00000,0x00000000f9f80000)
 ParOldGen       total 236032K, used 59469K [0x00000000a0000000, 0x00000000ae680000, 0x00000000e0000000)
  object space 236032K, 25% used [0x00000000a0000000,0x00000000a3a13630,0x00000000ae680000)
 Metaspace       used 94343K, capacity 97850K, committed 98072K, reserved 1134592K
  class space    used 11970K, capacity 12748K, committed 12824K, reserved 1048576K
}
Event: 764.889 GC heap before
{Heap before GC invocations=30 (full 4):
 PSYoungGen      total 330240K, used 296220K [0x00000000e0000000, 0x00000000f9f80000, 0x0000000100000000)
  eden space 277504K, 100% used [0x00000000e0000000,0x00000000f0f00000,0x00000000f0f00000)
  from space 52736K, 35% used [0x00000000f0f00000,0x00000000f2147258,0x00000000f4280000)
  to   space 49664K, 0% used [0x00000000f6f00000,0x00000000f6f00000,0x00000000f9f80000)
 ParOldGen       total 236032K, used 59469K [0x00000000a0000000, 0x00000000ae680000, 0x00000000e0000000)
  object space 236032K, 25% used [0x00000000a0000000,0x00000000a3a13630,0x00000000ae680000)
 Metaspace       used 95278K, capacity 98846K, committed 98968K, reserved 1134592K
  class space    used 12062K, capacity 12862K, committed 12952K, reserved 1048576K
Event: 764.923 GC heap after
Heap after GC invocations=30 (full 4):
 PSYoungGen      total 368640K, used 28982K [0x00000000e0000000, 0x00000000f9c80000, 0x0000000100000000)
  eden space 322048K, 0% used [0x00000000e0000000,0x00000000e0000000,0x00000000f3a80000)
  from space 46592K, 62% used [0x00000000f6f00000,0x00000000f8b4d888,0x00000000f9c80000)
  to   space 50176K, 0% used [0x00000000f3a80000,0x00000000f3a80000,0x00000000f6b80000)
 ParOldGen       total 236032K, used 62879K [0x00000000a0000000, 0x00000000ae680000, 0x00000000e0000000)
  object space 236032K, 26% used [0x00000000a0000000,0x00000000a3d67ed0,0x00000000ae680000)
 Metaspace       used 95278K, capacity 98846K, committed 98968K, reserved 1134592K
  class space    used 12062K, capacity 12862K, committed 12952K, reserved 1048576K
}
Event: 766.703 GC heap before
{Heap before GC invocations=31 (full 4):
 PSYoungGen      total 368640K, used 351030K [0x00000000e0000000, 0x00000000f9c80000, 0x0000000100000000)
  eden space 322048K, 100% used [0x00000000e0000000,0x00000000f3a80000,0x00000000f3a80000)
  from space 46592K, 62% used [0x00000000f6f00000,0x00000000f8b4d888,0x00000000f9c80000)
  to   space 50176K, 0% used [0x00000000f3a80000,0x00000000f3a80000,0x00000000f6b80000)
 ParOldGen       total 236032K, used 62879K [0x00000000a0000000, 0x00000000ae680000, 0x00000000e0000000)
  object space 236032K, 26% used [0x00000000a0000000,0x00000000a3d67ed0,0x00000000ae680000)
 Metaspace       used 95839K, capacity 99386K, committed 99480K, reserved 1136640K
  class space    used 12085K, capacity 12874K, committed 12952K, reserved 1048576K
Event: 766.706 GC heap after
Heap after GC invocations=31 (full 4):
 PSYoungGen      total 372224K, used 1436K [0x00000000e0000000, 0x00000000fc980000, 0x0000000100000000)
  eden space 322048K, 0% used [0x00000000e0000000,0x00000000e0000000,0x00000000f3a80000)
  from space 50176K, 2% used [0x00000000f3a80000,0x00000000f3be70a0,0x00000000f6b80000)
  to   space 50688K, 0% used [0x00000000f9800000,0x00000000f9800000,0x00000000fc980000)
 ParOldGen       total 236032K, used 63856K [0x00000000a0000000, 0x00000000ae680000, 0x00000000e0000000)
  object space 236032K, 27% used [0x00000000a0000000,0x00000000a3e5c090,0x00000000ae680000)
 Metaspace       used 95839K, capacity 99386K, committed 99480K, reserved 1136640K
  class space    used 12085K, capacity 12874K, committed 12952K, reserved 1048576K
}
Event: 767.451 GC heap before
{Heap before GC invocations=32 (full 4):
 PSYoungGen      total 372224K, used 323294K [0x00000000e0000000, 0x00000000fc980000, 0x0000000100000000)
  eden space 322048K, 99% used [0x00000000e0000000,0x00000000f3a507d8,0x00000000f3a80000)
  from space 50176K, 2% used [0x00000000f3a80000,0x00000000f3be70a0,0x00000000f6b80000)
  to   space 50688K, 0% used [0x00000000f9800000,0x00000000f9800000,0x00000000fc980000)
 ParOldGen       total 236032K, used 63856K [0x00000000a0000000, 0x00000000ae680000, 0x00000000e0000000)
  object space 236032K, 27% used [0x00000000a0000000,0x00000000a3e5c090,0x00000000ae680000)
 Metaspace       used 95935K, capacity 99562K, committed 99736K, reserved 1136640K
  class space    used 12090K, capacity 12882K, committed 12952K, reserved 1048576K
Event: 767.456 GC heap after
Heap after GC invocations=32 (full 4):
 PSYoungGen      total 408576K, used 5459K [0x00000000e0000000, 0x00000000fc480000, 0x0000000100000000)
  eden space 363008K, 0% used [0x00000000e0000000,0x00000000e0000000,0x00000000f6280000)
  from space 45568K, 11% used [0x00000000f9800000,0x00000000f9d54f10,0x00000000fc480000)
  to   space 50176K, 0% used [0x00000000f6280000,0x00000000f6280000,0x00000000f9380000)
 ParOldGen       total 236032K, used 63864K [0x00000000a0000000, 0x00000000ae680000, 0x00000000e0000000)
  object space 236032K, 27% used [0x00000000a0000000,0x00000000a3e5e090,0x00000000ae680000)
 Metaspace       used 95935K, capacity 99562K, committed 99736K, reserved 1136640K
  class space    used 12090K, capacity 12882K, committed 12952K, reserved 1048576K
}

