# JRE version: OpenJDK Runtime Environment (8.0_152-b01) (build 1.8.0_152-release-1343-b01)
# Java VM: OpenJDK 64-Bit Server VM (25.152-b01 mixed mode windows-amd64 compressed oops)
Heap:
 PSYoungGen      total 445952K, used 234306K [0x00000000e0000000, 0x00000000fd980000, 0x0000000100000000)
  eden space 414208K, 53% used [0x00000000e0000000,0x00000000ed81fd48,0x00000000f9480000)
  from space 31744K, 40% used [0x00000000fba80000,0x00000000fc730b20,0x00000000fd980000)
  to   space 35328K, 0% used [0x00000000f9480000,0x00000000f9480000,0x00000000fb700000)
 ParOldGen       total 130560K, used 66220K [0x00000000a0000000, 0x00000000a7f80000, 0x00000000e0000000)
  object space 130560K, 50% used [0x00000000a0000000,0x00000000a40ab3a0,0x00000000a7f80000)
 Metaspace       used 86665K, capacity 89842K, committed 90240K, reserved 1128448K
  class space    used 10897K, capacity 11530K, committed 11648K, reserved 1048576K
GC Heap History (10 events):
Event: 43.566 GC heap before
{Heap before GC invocations=17 (full 3):
 PSYoungGen      total 305152K, used 16873K [0x00000000e0000000, 0x00000000f5580000, 0x0000000100000000)
  eden space 288256K, 0% used [0x00000000e0000000,0x00000000e0000000,0x00000000f1980000)
  from space 16896K, 99% used [0x00000000f2d00000,0x00000000f3d7a590,0x00000000f3d80000)
  to   space 19968K, 0% used [0x00000000f1980000,0x00000000f1980000,0x00000000f2d00000)
 ParOldGen       total 93696K, used 22162K [0x00000000a0000000, 0x00000000a5b80000, 0x00000000e0000000)
  object space 93696K, 23% used [0x00000000a0000000,0x00000000a15a4a10,0x00000000a5b80000)
 Metaspace       used 57424K, capacity 58962K, committed 59096K, reserved 1101824K
  class space    used 7397K, capacity 7731K, committed 7808K, reserved 1048576K
Event: 43.754 GC heap after
Heap after GC invocations=17 (full 3):
 PSYoungGen      total 305152K, used 0K [0x00000000e0000000, 0x00000000f5580000, 0x0000000100000000)
  eden space 288256K, 0% used [0x00000000e0000000,0x00000000e0000000,0x00000000f1980000)
  from space 16896K, 0% used [0x00000000f2d00000,0x00000000f2d00000,0x00000000f3d80000)
  to   space 19968K, 0% used [0x00000000f1980000,0x00000000f1980000,0x00000000f2d00000)
 ParOldGen       total 130560K, used 32118K [0x00000000a0000000, 0x00000000a7f80000, 0x00000000e0000000)
  object space 130560K, 24% used [0x00000000a0000000,0x00000000a1f5da70,0x00000000a7f80000)
 Metaspace       used 57366K, capacity 58838K, committed 59096K, reserved 1101824K
  class space    used 7380K, capacity 7711K, committed 7808K, reserved 1048576K
}
Event: 102.335 GC heap before
{Heap before GC invocations=18 (full 3):
 PSYoungGen      total 305152K, used 288256K [0x00000000e0000000, 0x00000000f5580000, 0x0000000100000000)
  eden space 288256K, 100% used [0x00000000e0000000,0x00000000f1980000,0x00000000f1980000)
  from space 16896K, 0% used [0x00000000f2d00000,0x00000000f2d00000,0x00000000f3d80000)
  to   space 19968K, 0% used [0x00000000f1980000,0x00000000f1980000,0x00000000f2d00000)
 ParOldGen       total 130560K, used 32118K [0x00000000a0000000, 0x00000000a7f80000, 0x00000000e0000000)
  object space 130560K, 24% used [0x00000000a0000000,0x00000000a1f5da70,0x00000000a7f80000)
 Metaspace       used 71253K, capacity 73714K, committed 73984K, reserved 1114112K
  class space    used 9380K, capacity 9895K, committed 9984K, reserved 1048576K
Event: 102.357 GC heap after
Heap after GC invocations=18 (full 3):
 PSYoungGen      total 308224K, used 19961K [0x00000000e0000000, 0x00000000f9980000, 0x0000000100000000)
  eden space 288256K, 0% used [0x00000000e0000000,0x00000000e0000000,0x00000000f1980000)
  from space 19968K, 99% used [0x00000000f1980000,0x00000000f2cfe600,0x00000000f2d00000)
  to   space 22528K, 0% used [0x00000000f8380000,0x00000000f8380000,0x00000000f9980000)
 ParOldGen       total 130560K, used 32878K [0x00000000a0000000, 0x00000000a7f80000, 0x00000000e0000000)
  object space 130560K, 25% used [0x00000000a0000000,0x00000000a201b888,0x00000000a7f80000)
 Metaspace       used 71253K, capacity 73714K, committed 73984K, reserved 1114112K
  class space    used 9380K, capacity 9895K, committed 9984K, reserved 1048576K
}
Event: 139.008 GC heap before
{Heap before GC invocations=19 (full 3):
 PSYoungGen      total 308224K, used 308217K [0x00000000e0000000, 0x00000000f9980000, 0x0000000100000000)
  eden space 288256K, 100% used [0x00000000e0000000,0x00000000f1980000,0x00000000f1980000)
  from space 19968K, 99% used [0x00000000f1980000,0x00000000f2cfe600,0x00000000f2d00000)
  to   space 22528K, 0% used [0x00000000f8380000,0x00000000f8380000,0x00000000f9980000)
 ParOldGen       total 130560K, used 32878K [0x00000000a0000000, 0x00000000a7f80000, 0x00000000e0000000)
  object space 130560K, 25% used [0x00000000a0000000,0x00000000a201b888,0x00000000a7f80000)
 Metaspace       used 73074K, capacity 75652K, committed 75904K, reserved 1116160K
  class space    used 9490K, capacity 10028K, committed 10112K, reserved 1048576K
Event: 139.041 GC heap after
Heap after GC invocations=19 (full 3):
 PSYoungGen      total 385536K, used 22498K [0x00000000e0000000, 0x00000000f9980000, 0x0000000100000000)
  eden space 363008K, 0% used [0x00000000e0000000,0x00000000e0000000,0x00000000f6280000)
  from space 22528K, 99% used [0x00000000f8380000,0x00000000f9978a28,0x00000000f9980000)
  to   space 26624K, 0% used [0x00000000f6580000,0x00000000f6580000,0x00000000f7f80000)
 ParOldGen       total 130560K, used 35898K [0x00000000a0000000, 0x00000000a7f80000, 0x00000000e0000000)
  object space 130560K, 27% used [0x00000000a0000000,0x00000000a230e928,0x00000000a7f80000)
 Metaspace       used 73074K, capacity 75652K, committed 75904K, reserved 1116160K
  class space    used 9490K, capacity 10028K, committed 10112K, reserved 1048576K
}
Event: 254.943 GC heap before
{Heap before GC invocations=20 (full 3):
 PSYoungGen      total 385536K, used 385506K [0x00000000e0000000, 0x00000000f9980000, 0x0000000100000000)
  eden space 363008K, 100% used [0x00000000e0000000,0x00000000f6280000,0x00000000f6280000)
  from space 22528K, 99% used [0x00000000f8380000,0x00000000f9978a28,0x00000000f9980000)
  to   space 26624K, 0% used [0x00000000f6580000,0x00000000f6580000,0x00000000f7f80000)
 ParOldGen       total 130560K, used 35898K [0x00000000a0000000, 0x00000000a7f80000, 0x00000000e0000000)
  object space 130560K, 27% used [0x00000000a0000000,0x00000000a230e928,0x00000000a7f80000)
 Metaspace       used 79853K, capacity 82980K, committed 83200K, reserved 1122304K
  class space    used 10105K, capacity 10727K, committed 10752K, reserved 1048576K
Event: 254.989 GC heap after
Heap after GC invocations=20 (full 3):
 PSYoungGen      total 392704K, used 26613K [0x00000000e0000000, 0x00000000fde80000, 0x0000000100000000)
  eden space 366080K, 0% used [0x00000000e0000000,0x00000000e0000000,0x00000000f6580000)
  from space 26624K, 99% used [0x00000000f6580000,0x00000000f7f7d7d8,0x00000000f7f80000)
  to   space 36864K, 0% used [0x00000000fba80000,0x00000000fba80000,0x00000000fde80000)
 ParOldGen       total 130560K, used 53573K [0x00000000a0000000, 0x00000000a7f80000, 0x00000000e0000000)
  object space 130560K, 41% used [0x00000000a0000000,0x00000000a3451670,0x00000000a7f80000)
 Metaspace       used 79853K, capacity 82980K, committed 83200K, reserved 1122304K
  class space    used 10105K, capacity 10727K, committed 10752K, reserved 1048576K
}
Event: 266.706 GC heap before
{Heap before GC invocations=21 (full 3):
 PSYoungGen      total 392704K, used 392693K [0x00000000e0000000, 0x00000000fde80000, 0x0000000100000000)
  eden space 366080K, 100% used [0x00000000e0000000,0x00000000f6580000,0x00000000f6580000)
  from space 26624K, 99% used [0x00000000f6580000,0x00000000f7f7d7d8,0x00000000f7f80000)
  to   space 36864K, 0% used [0x00000000fba80000,0x00000000fba80000,0x00000000fde80000)
 ParOldGen       total 130560K, used 53573K [0x00000000a0000000, 0x00000000a7f80000, 0x00000000e0000000)
  object space 130560K, 41% used [0x00000000a0000000,0x00000000a3451670,0x00000000a7f80000)
 Metaspace       used 82052K, capacity 85158K, committed 85504K, reserved 1124352K
  class space    used 10315K, capacity 10946K, committed 11008K, reserved 1048576K
Event: 266.739 GC heap after
Heap after GC invocations=21 (full 3):
 PSYoungGen      total 445952K, used 12994K [0x00000000e0000000, 0x00000000fd980000, 0x0000000100000000)
  eden space 414208K, 0% used [0x00000000e0000000,0x00000000e0000000,0x00000000f9480000)
  from space 31744K, 40% used [0x00000000fba80000,0x00000000fc730b20,0x00000000fd980000)
  to   space 35328K, 0% used [0x00000000f9480000,0x00000000f9480000,0x00000000fb700000)
 ParOldGen       total 130560K, used 66220K [0x00000000a0000000, 0x00000000a7f80000, 0x00000000e0000000)
  object space 130560K, 50% used [0x00000000a0000000,0x00000000a40ab3a0,0x00000000a7f80000)
 Metaspace       used 82052K, capacity 85158K, committed 85504K, reserved 1124352K
  class space    used 10315K, capacity 10946K, committed 11008K, reserved 1048576K
}

